<?xml version="1.0" encoding="UTF-8"?>
<testsuite xmlns:xsi="http://www.w3.org/2001/XMLSchema-instance" xsi:noNamespaceSchemaLocation="https://maven.apache.org/surefire/maven-surefire-plugin/xsd/surefire-test-report-3.0.xsd" version="3.0" name="org.sonar.samples.java.PluginRulesTest" time="0.249" tests="1" errors="0" skipped="0" failures="0">
  <properties>
    <property name="sun.desktop" value="gnome"/>
    <property name="awt.toolkit" value="sun.awt.X11.XToolkit"/>
    <property name="java.specification.version" value="11"/>
    <property name="sun.cpu.isalist" value=""/>
    <property name="sun.jnu.encoding" value="UTF-8"/>
    <property name="java.class.path" value="/home/lamperouge/UFRPE/urlfilter-sonar-rules/target/test-classes:/home/lamperouge/UFRPE/urlfilter-sonar-rules/target/classes:/home/lamperouge/.m2/repository/org/sonarsource/sonarqube/sonar-plugin-api/8.9.0.43852/sonar-plugin-api-8.9.0.43852.jar:/home/lamperouge/.m2/repository/org/sonarsource/java/sonar-java-plugin/6.15.1.26025/sonar-java-plugin-6.15.1.26025.jar:/home/lamperouge/.m2/repository/org/sonarsource/java/java-surefire/6.15.1.26025/java-surefire-6.15.1.26025.jar:/home/lamperouge/.m2/repository/com/fasterxml/staxmate/staxmate/2.4.0/staxmate-2.4.0.jar:/home/lamperouge/.m2/repository/org/codehaus/woodstox/stax2-api/4.2.1/stax2-api-4.2.1.jar:/home/lamperouge/.m2/repository/org/sonarsource/java/java-frontend/6.15.1.26025/java-frontend-6.15.1.26025.jar:/home/lamperouge/.m2/repository/org/sonarsource/java/jdt/6.15.1.26025/jdt-6.15.1.26025-shaded.jar:/home/lamperouge/.m2/repository/org/eclipse/jdt/org.eclipse.jdt.core/3.25.0/org.eclipse.jdt.core-3.25.0.jar:/home/lamperouge/.m2/repository/org/eclipse/platform/org.eclipse.core.resources/3.15.100/org.eclipse.core.resources-3.15.100.jar:/home/lamperouge/.m2/repository/org/eclipse/platform/org.eclipse.core.runtime/3.23.0/org.eclipse.core.runtime-3.23.0.jar:/home/lamperouge/.m2/repository/org/eclipse/platform/org.eclipse.osgi/3.17.0/org.eclipse.osgi-3.17.0.jar:/home/lamperouge/.m2/repository/org/eclipse/platform/org.eclipse.equinox.common/3.15.0/org.eclipse.equinox.common-3.15.0.jar:/home/lamperouge/.m2/repository/org/eclipse/platform/org.eclipse.core.jobs/3.12.0/org.eclipse.core.jobs-3.12.0.jar:/home/lamperouge/.m2/repository/org/eclipse/platform/org.eclipse.equinox.preferences/3.9.0/org.eclipse.equinox.preferences-3.9.0.jar:/home/lamperouge/.m2/repository/org/eclipse/platform/org.eclipse.core.contenttype/3.8.0/org.eclipse.core.contenttype-3.8.0.jar:/home/lamperouge/.m2/repository/org/eclipse/platform/org.eclipse.text/3.12.0/org.eclipse.text-3.12.0.jar:/home/lamperouge/.m2/repository/org/eclipse/platform/org.eclipse.core.commands/3.10.100/org.eclipse.core.commands-3.10.100.jar:/home/lamperouge/.m2/repository/org/sonarsource/sslr/sslr-core/1.24.0.633/sslr-core-1.24.0.633.jar:/home/lamperouge/.m2/repository/org/apache/commons/commons-lang3/3.12.0/commons-lang3-3.12.0.jar:/home/lamperouge/.m2/repository/org/sonarsource/analyzer-commons/sonar-regex-parsing/1.14.1.690/sonar-regex-parsing-1.14.1.690.jar:/home/lamperouge/.m2/repository/org/sonarsource/java/java-symbolic-execution/6.15.1.26025/java-symbolic-execution-6.15.1.26025.jar:/home/lamperouge/.m2/repository/org/sonarsource/java/java-checks/6.15.1.26025/java-checks-6.15.1.26025.jar:/home/lamperouge/.m2/repository/org/sonarsource/analyzer-commons/sonar-analyzer-recognizers/1.14.1.690/sonar-analyzer-recognizers-1.14.1.690.jar:/home/lamperouge/.m2/repository/commons-lang/commons-lang/2.6/commons-lang-2.6.jar:/home/lamperouge/.m2/repository/org/sonarsource/java/external-reports/6.15.1.26025/external-reports-6.15.1.26025.jar:/home/lamperouge/.m2/repository/org/sonarsource/java/java-jsp/6.15.1.26025/java-jsp-6.15.1.26025.jar:/home/lamperouge/.m2/repository/org/apache/tomcat/embed/tomcat-embed-jasper/9.0.33/tomcat-embed-jasper-9.0.33.jar:/home/lamperouge/.m2/repository/org/apache/tomcat/embed/tomcat-embed-core/9.0.33/tomcat-embed-core-9.0.33.jar:/home/lamperouge/.m2/repository/org/apache/tomcat/tomcat-annotations-api/9.0.33/tomcat-annotations-api-9.0.33.jar:/home/lamperouge/.m2/repository/org/apache/tomcat/embed/tomcat-embed-el/9.0.33/tomcat-embed-el-9.0.33.jar:/home/lamperouge/.m2/repository/org/sonarsource/analyzer-commons/sonar-xml-parsing/1.14.1.690/sonar-xml-parsing-1.14.1.690.jar:/home/lamperouge/.m2/repository/xerces/xercesImpl/2.12.0/xercesImpl-2.12.0.jar:/home/lamperouge/.m2/repository/xml-apis/xml-apis/1.4.01/xml-apis-1.4.01.jar:/home/lamperouge/.m2/repository/com/fasterxml/woodstox/woodstox-core/5.2.0/woodstox-core-5.2.0.jar:/home/lamperouge/.m2/repository/org/sonarsource/analyzer-commons/sonar-analyzer-commons/1.14.1.690/sonar-analyzer-commons-1.14.1.690.jar:/home/lamperouge/.m2/repository/org/sonarsource/java/java-checks-testkit/6.15.1.26025/java-checks-testkit-6.15.1.26025.jar:/home/lamperouge/.m2/repository/com/google/code/gson/gson/2.8.6/gson-2.8.6.jar:/home/lamperouge/.m2/repository/com/google/code/findbugs/jsr305/3.0.2/jsr305-3.0.2.jar:/home/lamperouge/.m2/repository/org/junit/jupiter/junit-jupiter/5.7.0/junit-jupiter-5.7.0.jar:/home/lamperouge/.m2/repository/org/junit/jupiter/junit-jupiter-api/5.7.0/junit-jupiter-api-5.7.0.jar:/home/lamperouge/.m2/repository/org/opentest4j/opentest4j/1.2.0/opentest4j-1.2.0.jar:/home/lamperouge/.m2/repository/org/junit/platform/junit-platform-commons/1.7.0/junit-platform-commons-1.7.0.jar:/home/lamperouge/.m2/repository/org/junit/jupiter/junit-jupiter-params/5.7.0/junit-jupiter-params-5.7.0.jar:/home/lamperouge/.m2/repository/org/junit/jupiter/junit-jupiter-engine/5.7.0/junit-jupiter-engine-5.7.0.jar:/home/lamperouge/.m2/repository/org/junit/platform/junit-platform-engine/1.7.0/junit-platform-engine-1.7.0.jar:/home/lamperouge/.m2/repository/org/junit/jupiter/junit-jupiter-migrationsupport/5.7.0/junit-jupiter-migrationsupport-5.7.0.jar:/home/lamperouge/.m2/repository/junit/junit/4.13/junit-4.13.jar:/home/lamperouge/.m2/repository/org/hamcrest/hamcrest-core/1.3/hamcrest-core-1.3.jar:/home/lamperouge/.m2/repository/org/apiguardian/apiguardian-api/1.1.0/apiguardian-api-1.1.0.jar:/home/lamperouge/.m2/repository/org/assertj/assertj-core/3.19.0/assertj-core-3.19.0.jar:"/>
    <property name="java.vm.vendor" value="Ubuntu"/>
    <property name="sun.arch.data.model" value="64"/>
    <property name="java.vendor.url" value="https://ubuntu.com/"/>
    <property name="user.timezone" value=""/>
    <property name="java.vm.specification.version" value="11"/>
    <property name="os.name" value="Linux"/>
    <property name="sun.java.launcher" value="SUN_STANDARD"/>
    <property name="user.country" value="US"/>
    <property name="sun.boot.library.path" value="/usr/lib/jvm/java-11-openjdk-amd64/lib"/>
    <property name="sun.java.command" value="/home/lamperouge/UFRPE/urlfilter-sonar-rules/target/surefire/surefirebooter9794705977021927357.jar /home/lamperouge/UFRPE/urlfilter-sonar-rules/target/surefire 2021-10-17T23-13-22_135-jvmRun1 surefire1129797801393204731tmp surefire_011802028407953272250tmp"/>
    <property name="jdk.debug" value="release"/>
    <property name="surefire.test.class.path" value="/home/lamperouge/UFRPE/urlfilter-sonar-rules/target/test-classes:/home/lamperouge/UFRPE/urlfilter-sonar-rules/target/classes:/home/lamperouge/.m2/repository/org/sonarsource/sonarqube/sonar-plugin-api/8.9.0.43852/sonar-plugin-api-8.9.0.43852.jar:/home/lamperouge/.m2/repository/org/sonarsource/java/sonar-java-plugin/6.15.1.26025/sonar-java-plugin-6.15.1.26025.jar:/home/lamperouge/.m2/repository/org/sonarsource/java/java-surefire/6.15.1.26025/java-surefire-6.15.1.26025.jar:/home/lamperouge/.m2/repository/com/fasterxml/staxmate/staxmate/2.4.0/staxmate-2.4.0.jar:/home/lamperouge/.m2/repository/org/codehaus/woodstox/stax2-api/4.2.1/stax2-api-4.2.1.jar:/home/lamperouge/.m2/repository/org/sonarsource/java/java-frontend/6.15.1.26025/java-frontend-6.15.1.26025.jar:/home/lamperouge/.m2/repository/org/sonarsource/java/jdt/6.15.1.26025/jdt-6.15.1.26025-shaded.jar:/home/lamperouge/.m2/repository/org/eclipse/jdt/org.eclipse.jdt.core/3.25.0/org.eclipse.jdt.core-3.25.0.jar:/home/lamperouge/.m2/repository/org/eclipse/platform/org.eclipse.core.resources/3.15.100/org.eclipse.core.resources-3.15.100.jar:/home/lamperouge/.m2/repository/org/eclipse/platform/org.eclipse.core.runtime/3.23.0/org.eclipse.core.runtime-3.23.0.jar:/home/lamperouge/.m2/repository/org/eclipse/platform/org.eclipse.osgi/3.17.0/org.eclipse.osgi-3.17.0.jar:/home/lamperouge/.m2/repository/org/eclipse/platform/org.eclipse.equinox.common/3.15.0/org.eclipse.equinox.common-3.15.0.jar:/home/lamperouge/.m2/repository/org/eclipse/platform/org.eclipse.core.jobs/3.12.0/org.eclipse.core.jobs-3.12.0.jar:/home/lamperouge/.m2/repository/org/eclipse/platform/org.eclipse.equinox.preferences/3.9.0/org.eclipse.equinox.preferences-3.9.0.jar:/home/lamperouge/.m2/repository/org/eclipse/platform/org.eclipse.core.contenttype/3.8.0/org.eclipse.core.contenttype-3.8.0.jar:/home/lamperouge/.m2/repository/org/eclipse/platform/org.eclipse.text/3.12.0/org.eclipse.text-3.12.0.jar:/home/lamperouge/.m2/repository/org/eclipse/platform/org.eclipse.core.commands/3.10.100/org.eclipse.core.commands-3.10.100.jar:/home/lamperouge/.m2/repository/org/sonarsource/sslr/sslr-core/1.24.0.633/sslr-core-1.24.0.633.jar:/home/lamperouge/.m2/repository/org/apache/commons/commons-lang3/3.12.0/commons-lang3-3.12.0.jar:/home/lamperouge/.m2/repository/org/sonarsource/analyzer-commons/sonar-regex-parsing/1.14.1.690/sonar-regex-parsing-1.14.1.690.jar:/home/lamperouge/.m2/repository/org/sonarsource/java/java-symbolic-execution/6.15.1.26025/java-symbolic-execution-6.15.1.26025.jar:/home/lamperouge/.m2/repository/org/sonarsource/java/java-checks/6.15.1.26025/java-checks-6.15.1.26025.jar:/home/lamperouge/.m2/repository/org/sonarsource/analyzer-commons/sonar-analyzer-recognizers/1.14.1.690/sonar-analyzer-recognizers-1.14.1.690.jar:/home/lamperouge/.m2/repository/commons-lang/commons-lang/2.6/commons-lang-2.6.jar:/home/lamperouge/.m2/repository/org/sonarsource/java/external-reports/6.15.1.26025/external-reports-6.15.1.26025.jar:/home/lamperouge/.m2/repository/org/sonarsource/java/java-jsp/6.15.1.26025/java-jsp-6.15.1.26025.jar:/home/lamperouge/.m2/repository/org/apache/tomcat/embed/tomcat-embed-jasper/9.0.33/tomcat-embed-jasper-9.0.33.jar:/home/lamperouge/.m2/repository/org/apache/tomcat/embed/tomcat-embed-core/9.0.33/tomcat-embed-core-9.0.33.jar:/home/lamperouge/.m2/repository/org/apache/tomcat/tomcat-annotations-api/9.0.33/tomcat-annotations-api-9.0.33.jar:/home/lamperouge/.m2/repository/org/apache/tomcat/embed/tomcat-embed-el/9.0.33/tomcat-embed-el-9.0.33.jar:/home/lamperouge/.m2/repository/org/sonarsource/analyzer-commons/sonar-xml-parsing/1.14.1.690/sonar-xml-parsing-1.14.1.690.jar:/home/lamperouge/.m2/repository/xerces/xercesImpl/2.12.0/xercesImpl-2.12.0.jar:/home/lamperouge/.m2/repository/xml-apis/xml-apis/1.4.01/xml-apis-1.4.01.jar:/home/lamperouge/.m2/repository/com/fasterxml/woodstox/woodstox-core/5.2.0/woodstox-core-5.2.0.jar:/home/lamperouge/.m2/repository/org/sonarsource/analyzer-commons/sonar-analyzer-commons/1.14.1.690/sonar-analyzer-commons-1.14.1.690.jar:/home/lamperouge/.m2/repository/org/sonarsource/java/java-checks-testkit/6.15.1.26025/java-checks-testkit-6.15.1.26025.jar:/home/lamperouge/.m2/repository/com/google/code/gson/gson/2.8.6/gson-2.8.6.jar:/home/lamperouge/.m2/repository/com/google/code/findbugs/jsr305/3.0.2/jsr305-3.0.2.jar:/home/lamperouge/.m2/repository/org/junit/jupiter/junit-jupiter/5.7.0/junit-jupiter-5.7.0.jar:/home/lamperouge/.m2/repository/org/junit/jupiter/junit-jupiter-api/5.7.0/junit-jupiter-api-5.7.0.jar:/home/lamperouge/.m2/repository/org/opentest4j/opentest4j/1.2.0/opentest4j-1.2.0.jar:/home/lamperouge/.m2/repository/org/junit/platform/junit-platform-commons/1.7.0/junit-platform-commons-1.7.0.jar:/home/lamperouge/.m2/repository/org/junit/jupiter/junit-jupiter-params/5.7.0/junit-jupiter-params-5.7.0.jar:/home/lamperouge/.m2/repository/org/junit/jupiter/junit-jupiter-engine/5.7.0/junit-jupiter-engine-5.7.0.jar:/home/lamperouge/.m2/repository/org/junit/platform/junit-platform-engine/1.7.0/junit-platform-engine-1.7.0.jar:/home/lamperouge/.m2/repository/org/junit/jupiter/junit-jupiter-migrationsupport/5.7.0/junit-jupiter-migrationsupport-5.7.0.jar:/home/lamperouge/.m2/repository/junit/junit/4.13/junit-4.13.jar:/home/lamperouge/.m2/repository/org/hamcrest/hamcrest-core/1.3/hamcrest-core-1.3.jar:/home/lamperouge/.m2/repository/org/apiguardian/apiguardian-api/1.1.0/apiguardian-api-1.1.0.jar:/home/lamperouge/.m2/repository/org/assertj/assertj-core/3.19.0/assertj-core-3.19.0.jar:"/>
    <property name="sun.cpu.endian" value="little"/>
    <property name="user.home" value="/home/lamperouge"/>
    <property name="user.language" value="en"/>
    <property name="java.specification.vendor" value="Oracle Corporation"/>
    <property name="java.version.date" value="2021-04-20"/>
    <property name="java.home" value="/usr/lib/jvm/java-11-openjdk-amd64"/>
    <property name="file.separator" value="/"/>
    <property name="basedir" value="/home/lamperouge/UFRPE/urlfilter-sonar-rules"/>
    <property name="java.vm.compressedOopsMode" value="Zero based"/>
    <property name="line.separator" value="&#10;"/>
    <property name="java.specification.name" value="Java Platform API Specification"/>
    <property name="java.vm.specification.vendor" value="Oracle Corporation"/>
    <property name="java.awt.graphicsenv" value="sun.awt.X11GraphicsEnvironment"/>
    <property name="surefire.real.class.path" value="/home/lamperouge/UFRPE/urlfilter-sonar-rules/target/surefire/surefirebooter9794705977021927357.jar"/>
    <property name="sun.management.compiler" value="HotSpot 64-Bit Tiered Compilers"/>
    <property name="java.runtime.version" value="11.0.11+9-Ubuntu-0ubuntu2.20.04"/>
    <property name="user.name" value="lamperouge"/>
    <property name="path.separator" value=":"/>
    <property name="os.version" value="5.4.0-88-generic"/>
    <property name="java.runtime.name" value="OpenJDK Runtime Environment"/>
    <property name="file.encoding" value="UTF-8"/>
    <property name="java.vm.name" value="OpenJDK 64-Bit Server VM"/>
    <property name="localRepository" value="/home/lamperouge/.m2/repository"/>
    <property name="java.vendor.url.bug" value="https://bugs.launchpad.net/ubuntu/+source/openjdk-lts"/>
    <property name="java.io.tmpdir" value="/tmp"/>
    <property name="java.version" value="11.0.11"/>
    <property name="user.dir" value="/home/lamperouge/UFRPE/urlfilter-sonar-rules"/>
    <property name="os.arch" value="amd64"/>
    <property name="java.vm.specification.name" value="Java Virtual Machine Specification"/>
    <property name="java.awt.printerjob" value="sun.print.PSPrinterJob"/>
    <property name="sun.os.patch.level" value="unknown"/>
    <property name="java.library.path" value="/usr/java/packages/lib:/usr/lib/x86_64-linux-gnu/jni:/lib/x86_64-linux-gnu:/usr/lib/x86_64-linux-gnu:/usr/lib/jni:/lib:/usr/lib"/>
    <property name="java.vm.info" value="mixed mode, sharing"/>
    <property name="java.vendor" value="Ubuntu"/>
    <property name="java.vm.version" value="11.0.11+9-Ubuntu-0ubuntu2.20.04"/>
    <property name="sun.io.unicode.encoding" value="UnicodeLittle"/>
    <property name="java.class.version" value="55.0"/>
  </properties>
  <testcase name="testName" classname="org.sonar.samples.java.PluginRulesTest" time="0.217"/>
</testsuite>